<?xml version="1.0" encoding="UTF-8"?>
<!-- Generated by org.testng.reporters.JUnitXMLReporter -->
<testsuite ignored="0" hostname="DESKTOP-7J4IUSI" failures="0" tests="4" name="Chrome Test" time="35.387" errors="0" timestamp="2025-01-24T19:25:46 IST">
  <testcase classname="org.hotel.AdactinPage_1" name="login" time="1.772"/>
  <testcase classname="org.hotel.AdactinPage_1" name="login" time="1.357"/>
  <testcase classname="org.hotel.AdactinPage_1" name="login" time="1.233"/>
  <testcase classname="org.hotel.AdactinPage_1" name="login" time="2.578"/>
</testsuite> <!-- Chrome Test -->
