<?xml version="1.0" encoding="UTF-8"?>
<!-- Generated by org.testng.reporters.JUnitXMLReporter -->
<testsuite ignored="0" hostname="DESKTOP-7J4IUSI" failures="0" tests="4" name="Edge Test" time="58.746" errors="0" timestamp="2025-01-24T19:29:00 IST">
  <testcase classname="org.hotel.AdactinPage_1" name="login" time="3.658"/>
  <testcase classname="org.hotel.AdactinPage_1" name="login" time="1.174"/>
  <testcase classname="org.hotel.AdactinPage_1" name="login" time="1.859"/>
  <testcase classname="org.hotel.AdactinPage_1" name="login" time="3.798"/>
</testsuite> <!-- Edge Test -->
