<?xml version="1.0" encoding="UTF-8"?>
<!-- Generated by org.testng.reporters.JUnitXMLReporter -->
<testsuite ignored="0" hostname="DESKTOP-7J4IUSI" failures="0" tests="4" name="Firefox Test" time="135.284" errors="0" timestamp="2025-01-24T19:28:01 IST">
  <testcase classname="org.hotel.AdactinPage_1" name="login" time="4.609"/>
  <testcase classname="org.hotel.AdactinPage_1" name="login" time="11.39"/>
  <testcase classname="org.hotel.AdactinPage_1" name="login" time="12.879"/>
  <testcase classname="org.hotel.AdactinPage_1" name="login" time="11.965"/>
</testsuite> <!-- Firefox Test -->
